This file contains any messages produced by compilers while
running configure, to aid debugging if configure makes a mistake.

It was created by RtAudio configure 6.0.1, which was
generated by GNU Autoconf 2.71.  Invocation command line was

  $ ./configure --enable-maintainer-mode --enable-debug --disable-silent-rules

## --------- ##
## Platform. ##
## --------- ##

hostname = kilian-OMEN
uname -m = x86_64
uname -r = 6.8.0-124-generic
uname -s = Linux
uname -v = #124-Ubuntu SMP PREEMPT_DYNAMIC Tue May 26 13:00:45 UTC 2026

/usr/bin/uname -p = x86_64
/bin/uname -X     = unknown

/bin/arch              = x86_64
/usr/bin/arch -k       = unknown
/usr/convex/getsysinfo = unknown
/usr/bin/hostinfo      = unknown
/bin/machine           = unknown
/usr/bin/oslevel       = unknown
/bin/universe          = unknown

PATH: /home/lekix/.platformio/penv/bin/
PATH: /home/lekix/.nvm/versions/node/v26.1.0/bin/
PATH: /usr/local/sbin/
PATH: /usr/local/bin/
PATH: /usr/sbin/
PATH: /usr/bin/
PATH: /sbin/
PATH: /bin/
PATH: /usr/games/
PATH: /usr/local/games/
PATH: /snap/bin/
PATH: /snap/bin/
PATH: /home/lekix/.local/bin/


## ----------- ##
## Core tests. ##
## ----------- ##

configure:2799: looking for aux files: config.guess config.sub ltmain.sh compile ar-lib missing install-sh
configure:2812:  trying ./config/
configure:2841:   ./config/config.guess found
configure:2841:   ./config/config.sub found
configure:2841:   ./config/ltmain.sh found
configure:2841:   ./config/compile found
configure:2841:   ./config/ar-lib found
configure:2841:   ./config/missing found
configure:2823:   ./config/install-sh found
configure:2974: checking for a BSD-compatible install
configure:3047: result: /usr/bin/install -c
configure:3058: checking whether build environment is sane
configure:3113: result: yes
configure:3272: checking for a race-free mkdir -p
configure:3316: result: /usr/bin/mkdir -p
configure:3323: checking for gawk
configure:3344: found /usr/bin/gawk
configure:3355: result: gawk
configure:3366: checking whether make sets $(MAKE)
configure:3389: result: yes
configure:3419: checking whether make supports nested variables
configure:3437: result: yes
configure:3686: checking whether make supports the include directive
configure:3701: make -f confmf.GNU && cat confinc.out
this is the am__doit target
configure:3704: $? = 0
configure:3723: result: yes (GNU style)
configure:3809: checking for g++
configure:3830: found /usr/bin/g++
configure:3841: result: g++
configure:3868: checking for C++ compiler version
configure:3877: g++ --version >&5
g++ (Ubuntu 13.3.0-6ubuntu2~24.04.1) 13.3.0
Copyright (C) 2023 Free Software Foundation, Inc.
This is free software; see the source for copying conditions.  There is NO
warranty; not even for MERCHANTABILITY or FITNESS FOR A PARTICULAR PURPOSE.

configure:3888: $? = 0
configure:3877: g++ -v >&5
Using built-in specs.
COLLECT_GCC=g++
COLLECT_LTO_WRAPPER=/usr/libexec/gcc/x86_64-linux-gnu/13/lto-wrapper
OFFLOAD_TARGET_NAMES=nvptx-none:amdgcn-amdhsa
OFFLOAD_TARGET_DEFAULT=1
Target: x86_64-linux-gnu
Configured with: ../src/configure -v --with-pkgversion='Ubuntu 13.3.0-6ubuntu2~24.04.1' --with-bugurl=file:///usr/share/doc/gcc-13/README.Bugs --enable-languages=c,ada,c++,go,d,fortran,objc,obj-c++,m2 --prefix=/usr --with-gcc-major-version-only --program-suffix=-13 --program-prefix=x86_64-linux-gnu- --enable-shared --enable-linker-build-id --libexecdir=/usr/libexec --without-included-gettext --enable-threads=posix --libdir=/usr/lib --enable-nls --enable-bootstrap --enable-clocale=gnu --enable-libstdcxx-debug --enable-libstdcxx-time=yes --with-default-libstdcxx-abi=new --enable-libstdcxx-backtrace --enable-gnu-unique-object --disable-vtable-verify --enable-plugin --enable-default-pie --with-system-zlib --enable-libphobos-checking=release --with-target-system-zlib=auto --enable-objc-gc=auto --enable-multiarch --disable-werror --enable-cet --with-arch-32=i686 --with-abi=m64 --with-multilib-list=m32,m64,mx32 --enable-multilib --with-tune=generic --enable-offload-targets=nvptx-none=/build/gcc-13-EldibY/gcc-13-13.3.0/debian/tmp-nvptx/usr,amdgcn-amdhsa=/build/gcc-13-EldibY/gcc-13-13.3.0/debian/tmp-gcn/usr --enable-offload-defaulted --without-cuda-driver --enable-checking=release --build=x86_64-linux-gnu --host=x86_64-linux-gnu --target=x86_64-linux-gnu --with-build-config=bootstrap-lto-lean --enable-link-serialization=2
Thread model: posix
Supported LTO compression algorithms: zlib zstd
gcc version 13.3.0 (Ubuntu 13.3.0-6ubuntu2~24.04.1) 
... rest of stderr output deleted ...
configure:3888: $? = 0
configure:3877: g++ -V >&5
g++: error: unrecognized command-line option '-V'
g++: fatal error: no input files
compilation terminated.
configure:3888: $? = 1
configure:3877: g++ -qversion >&5
g++: error: unrecognized command-line option '-qversion'; did you mean '--version'?
g++: fatal error: no input files
compilation terminated.
configure:3888: $? = 1
configure:3908: checking whether the C++ compiler works
configure:3930: g++    conftest.cpp  >&5
configure:3934: $? = 0
configure:3984: result: yes
configure:3987: checking for C++ compiler default output file name
configure:3989: result: a.out
configure:3995: checking for suffix of executables
configure:4002: g++ -o conftest    conftest.cpp  >&5
configure:4006: $? = 0
configure:4029: result: 
configure:4051: checking whether we are cross compiling
configure:4059: g++ -o conftest    conftest.cpp  >&5
configure:4063: $? = 0
configure:4070: ./conftest
configure:4074: $? = 0
configure:4089: result: no
configure:4094: checking for suffix of object files
configure:4117: g++ -c   conftest.cpp >&5
configure:4121: $? = 0
configure:4143: result: o
configure:4147: checking whether the compiler supports GNU C++
configure:4167: g++ -c   conftest.cpp >&5
configure:4167: $? = 0
configure:4177: result: yes
configure:4188: checking whether g++ accepts -g
configure:4209: g++ -c -g  conftest.cpp >&5
configure:4209: $? = 0
configure:4253: result: yes
configure:4273: checking for g++ option to enable C++11 features
configure:4288: g++  -c -g -O2  conftest.cpp >&5
conftest.cpp: In function 'int main(int, char**)':
conftest.cpp:177:25: warning: empty parentheses were disambiguated as a function declaration [-Wvexing-parse]
  177 |   cxx11test::delegate d2();
      |                         ^~
conftest.cpp:177:25: note: remove parentheses to default-initialize a variable
  177 |   cxx11test::delegate d2();
      |                         ^~
      |                         --
conftest.cpp:177:25: note: or replace parentheses with braces to value-initialize a variable
configure:4288: $? = 0
configure:4306: result: none needed
configure:4372: checking dependency style of g++
configure:4484: result: gcc3
configure:4514: checking whether g++ supports C++11 features with -std=c++11
configure:4813: g++ -std=c++11 -c -g -O2  conftest.cpp >&5
configure:4813: $? = 0
configure:4823: result: yes
configure:4928: checking that version numbers are coherent
configure:4940: result: yes
configure:4955: checking whether to enable maintainer-specific portions of Makefiles
configure:4965: result: yes
configure:4990: checking whether make supports nested variables
configure:5008: result: yes
configure:5159: checking for C++ compiler version
configure:5168: g++ -std=c++11 --version >&5
g++ (Ubuntu 13.3.0-6ubuntu2~24.04.1) 13.3.0
Copyright (C) 2023 Free Software Foundation, Inc.
This is free software; see the source for copying conditions.  There is NO
warranty; not even for MERCHANTABILITY or FITNESS FOR A PARTICULAR PURPOSE.

configure:5179: $? = 0
configure:5168: g++ -std=c++11 -v >&5
Using built-in specs.
COLLECT_GCC=g++
COLLECT_LTO_WRAPPER=/usr/libexec/gcc/x86_64-linux-gnu/13/lto-wrapper
OFFLOAD_TARGET_NAMES=nvptx-none:amdgcn-amdhsa
OFFLOAD_TARGET_DEFAULT=1
Target: x86_64-linux-gnu
Configured with: ../src/configure -v --with-pkgversion='Ubuntu 13.3.0-6ubuntu2~24.04.1' --with-bugurl=file:///usr/share/doc/gcc-13/README.Bugs --enable-languages=c,ada,c++,go,d,fortran,objc,obj-c++,m2 --prefix=/usr --with-gcc-major-version-only --program-suffix=-13 --program-prefix=x86_64-linux-gnu- --enable-shared --enable-linker-build-id --libexecdir=/usr/libexec --without-included-gettext --enable-threads=posix --libdir=/usr/lib --enable-nls --enable-bootstrap --enable-clocale=gnu --enable-libstdcxx-debug --enable-libstdcxx-time=yes --with-default-libstdcxx-abi=new --enable-libstdcxx-backtrace --enable-gnu-unique-object --disable-vtable-verify --enable-plugin --enable-default-pie --with-system-zlib --enable-libphobos-checking=release --with-target-system-zlib=auto --enable-objc-gc=auto --enable-multiarch --disable-werror --enable-cet --with-arch-32=i686 --with-abi=m64 --with-multilib-list=m32,m64,mx32 --enable-multilib --with-tune=generic --enable-offload-targets=nvptx-none=/build/gcc-13-EldibY/gcc-13-13.3.0/debian/tmp-nvptx/usr,amdgcn-amdhsa=/build/gcc-13-EldibY/gcc-13-13.3.0/debian/tmp-gcn/usr --enable-offload-defaulted --without-cuda-driver --enable-checking=release --build=x86_64-linux-gnu --host=x86_64-linux-gnu --target=x86_64-linux-gnu --with-build-config=bootstrap-lto-lean --enable-link-serialization=2
Thread model: posix
Supported LTO compression algorithms: zlib zstd
gcc version 13.3.0 (Ubuntu 13.3.0-6ubuntu2~24.04.1) 
... rest of stderr output deleted ...
configure:5179: $? = 0
configure:5168: g++ -std=c++11 -V >&5
g++: error: unrecognized command-line option '-V'
g++: fatal error: no input files
compilation terminated.
configure:5179: $? = 1
configure:5168: g++ -std=c++11 -qversion >&5
g++: error: unrecognized command-line option '-qversion'; did you mean '--version'?
g++: fatal error: no input files
compilation terminated.
configure:5179: $? = 1
configure:5183: checking whether the compiler supports GNU C++
configure:5213: result: yes
configure:5224: checking whether g++ -std=c++11 accepts -g
configure:5289: result: yes
configure:5309: checking for g++ -std=c++11 option to enable C++11 features
configure:5342: result: none needed
configure:5408: checking dependency style of g++ -std=c++11
configure:5520: result: gcc3
configure:5597: checking for gcc
configure:5618: found /usr/bin/gcc
configure:5629: result: gcc
configure:5982: checking for C compiler version
configure:5991: gcc --version >&5
gcc (Ubuntu 13.3.0-6ubuntu2~24.04.1) 13.3.0
Copyright (C) 2023 Free Software Foundation, Inc.
This is free software; see the source for copying conditions.  There is NO
warranty; not even for MERCHANTABILITY or FITNESS FOR A PARTICULAR PURPOSE.

configure:6002: $? = 0
configure:5991: gcc -v >&5
Using built-in specs.
COLLECT_GCC=gcc
COLLECT_LTO_WRAPPER=/usr/libexec/gcc/x86_64-linux-gnu/13/lto-wrapper
OFFLOAD_TARGET_NAMES=nvptx-none:amdgcn-amdhsa
OFFLOAD_TARGET_DEFAULT=1
Target: x86_64-linux-gnu
Configured with: ../src/configure -v --with-pkgversion='Ubuntu 13.3.0-6ubuntu2~24.04.1' --with-bugurl=file:///usr/share/doc/gcc-13/README.Bugs --enable-languages=c,ada,c++,go,d,fortran,objc,obj-c++,m2 --prefix=/usr --with-gcc-major-version-only --program-suffix=-13 --program-prefix=x86_64-linux-gnu- --enable-shared --enable-linker-build-id --libexecdir=/usr/libexec --without-included-gettext --enable-threads=posix --libdir=/usr/lib --enable-nls --enable-bootstrap --enable-clocale=gnu --enable-libstdcxx-debug --enable-libstdcxx-time=yes --with-default-libstdcxx-abi=new --enable-libstdcxx-backtrace --enable-gnu-unique-object --disable-vtable-verify --enable-plugin --enable-default-pie --with-system-zlib --enable-libphobos-checking=release --with-target-system-zlib=auto --enable-objc-gc=auto --enable-multiarch --disable-werror --enable-cet --with-arch-32=i686 --with-abi=m64 --with-multilib-list=m32,m64,mx32 --enable-multilib --with-tune=generic --enable-offload-targets=nvptx-none=/build/gcc-13-EldibY/gcc-13-13.3.0/debian/tmp-nvptx/usr,amdgcn-amdhsa=/build/gcc-13-EldibY/gcc-13-13.3.0/debian/tmp-gcn/usr --enable-offload-defaulted --without-cuda-driver --enable-checking=release --build=x86_64-linux-gnu --host=x86_64-linux-gnu --target=x86_64-linux-gnu --with-build-config=bootstrap-lto-lean --enable-link-serialization=2
Thread model: posix
Supported LTO compression algorithms: zlib zstd
gcc version 13.3.0 (Ubuntu 13.3.0-6ubuntu2~24.04.1) 
... rest of stderr output deleted ...
configure:6002: $? = 0
configure:5991: gcc -V >&5
gcc: error: unrecognized command-line option '-V'
gcc: fatal error: no input files
compilation terminated.
configure:6002: $? = 1
configure:5991: gcc -qversion >&5
gcc: error: unrecognized command-line option '-qversion'; did you mean '--version'?
gcc: fatal error: no input files
compilation terminated.
configure:6002: $? = 1
configure:5991: gcc -version >&5
gcc: error: unrecognized command-line option '-version'
gcc: fatal error: no input files
compilation terminated.
configure:6002: $? = 1
configure:6006: checking whether the compiler supports GNU C
configure:6026: gcc -c   conftest.c >&5
configure:6026: $? = 0
configure:6036: result: yes
configure:6047: checking whether gcc accepts -g
configure:6068: gcc -c -g  conftest.c >&5
configure:6068: $? = 0
configure:6112: result: yes
configure:6132: checking for gcc option to enable C11 features
configure:6147: gcc  -c -g -O2  conftest.c >&5
configure:6147: $? = 0
configure:6165: result: none needed
configure:6281: checking whether gcc understands -c and -o together
configure:6304: gcc -c conftest.c -o conftest2.o
configure:6307: $? = 0
configure:6304: gcc -c conftest.c -o conftest2.o
configure:6307: $? = 0
configure:6319: result: yes
configure:6338: checking dependency style of gcc
configure:6450: result: gcc3
configure:6521: checking for ar
configure:6542: found /usr/bin/ar
configure:6553: result: ar
configure:6579: checking the archiver (ar) interface
configure:6596: gcc -c -g -O2  conftest.c >&5
configure:6596: $? = 0
configure:6599: ar cru libconftest.a conftest.o >&5
ar: `u' modifier ignored since `D' is the default (see `U')
configure:6602: $? = 0
configure:6630: result: ar
configure:6652: checking for ar
configure:6675: found /usr/bin/ar
configure:6688: result: /usr/bin/ar
configure:6736: checking build system type
configure:6751: result: x86_64-pc-linux-gnu
configure:6771: checking host system type
configure:6785: result: x86_64-pc-linux-gnu
configure:6826: checking how to print strings
configure:6853: result: printf
configure:6874: checking for a sed that does not truncate output
configure:6944: result: /usr/bin/sed
configure:6962: checking for grep that handles long lines and -e
configure:7026: result: /usr/bin/grep
configure:7031: checking for egrep
configure:7099: result: /usr/bin/grep -E
configure:7104: checking for fgrep
configure:7172: result: /usr/bin/grep -F
configure:7208: checking for ld used by gcc
configure:7276: result: /usr/bin/ld
configure:7283: checking if the linker (/usr/bin/ld) is GNU ld
configure:7299: result: yes
configure:7311: checking for BSD- or MS-compatible name lister (nm)
configure:7366: result: /usr/bin/nm -B
configure:7506: checking the name lister (/usr/bin/nm -B) interface
configure:7514: gcc -c -g -O2  conftest.c >&5
configure:7517: /usr/bin/nm -B "conftest.o"
configure:7520: output
0000000000000000 B some_variable
configure:7527: result: BSD nm
configure:7530: checking whether ln -s works
configure:7534: result: yes
configure:7542: checking the maximum length of command line arguments
configure:7674: result: 1572864
configure:7722: checking how to convert x86_64-pc-linux-gnu file names to x86_64-pc-linux-gnu format
configure:7763: result: func_convert_file_noop
configure:7770: checking how to convert x86_64-pc-linux-gnu file names to toolchain format
configure:7791: result: func_convert_file_noop
configure:7798: checking for /usr/bin/ld option to reload object files
configure:7806: result: -r
configure:7885: checking for file
configure:7906: found /usr/bin/file
configure:7917: result: file
configure:7993: checking for objdump
configure:8014: found /usr/bin/objdump
configure:8025: result: objdump
configure:8054: checking how to recognize dependent libraries
configure:8255: result: pass_all
configure:8345: checking for dlltool
configure:8380: result: no
configure:8407: checking how to associate runtime and link libraries
configure:8435: result: printf %s\n
configure:8585: checking for archiver @FILE support
configure:8603: gcc -c -g -O2  conftest.c >&5
configure:8603: $? = 0
configure:8607: /usr/bin/ar cr libconftest.a @conftest.lst >&5
configure:8610: $? = 0
configure:8615: /usr/bin/ar cr libconftest.a @conftest.lst >&5
/usr/bin/ar: conftest.o: No such file or directory
configure:8618: $? = 1
configure:8630: result: @
configure:8693: checking for strip
configure:8714: found /usr/bin/strip
configure:8725: result: strip
configure:8802: checking for ranlib
configure:8823: found /usr/bin/ranlib
configure:8834: result: ranlib
configure:8936: checking command to parse /usr/bin/nm -B output from gcc object
configure:9090: gcc -c -g -O2  conftest.c >&5
configure:9093: $? = 0
configure:9097: /usr/bin/nm -B conftest.o | /usr/bin/sed -n -e 's/^.*[	 ]\([ABCDGIRSTW][ABCDGIRSTW]*\)[	 ][	 ]*\([_A-Za-z][_A-Za-z0-9]*\)$/\1 \2 \2/p' | /usr/bin/sed '/ __gnu_lto/d' > conftest.nm
configure:9163: gcc -o conftest -g -O2   conftest.c conftstm.o >&5
configure:9166: $? = 0
configure:9204: result: ok
configure:9251: checking for sysroot
configure:9282: result: no
configure:9289: checking for a working dd
configure:9333: result: /usr/bin/dd
configure:9337: checking how to truncate binary pipes
configure:9353: result: /usr/bin/dd bs=4096 count=1
configure:9490: gcc -c -g -O2  conftest.c >&5
configure:9493: $? = 0
configure:9690: checking for mt
configure:9711: found /usr/bin/mt
configure:9722: result: mt
configure:9745: checking if mt is a manifest tool
configure:9752: mt '-?'
configure:9760: result: no
configure:10485: checking for stdio.h
configure:10485: gcc -c -g -O2  conftest.c >&5
configure:10485: $? = 0
configure:10485: result: yes
configure:10485: checking for stdlib.h
configure:10485: gcc -c -g -O2  conftest.c >&5
configure:10485: $? = 0
configure:10485: result: yes
configure:10485: checking for string.h
configure:10485: gcc -c -g -O2  conftest.c >&5
configure:10485: $? = 0
configure:10485: result: yes
configure:10485: checking for inttypes.h
configure:10485: gcc -c -g -O2  conftest.c >&5
configure:10485: $? = 0
configure:10485: result: yes
configure:10485: checking for stdint.h
configure:10485: gcc -c -g -O2  conftest.c >&5
configure:10485: $? = 0
configure:10485: result: yes
configure:10485: checking for strings.h
configure:10485: gcc -c -g -O2  conftest.c >&5
configure:10485: $? = 0
configure:10485: result: yes
configure:10485: checking for sys/stat.h
configure:10485: gcc -c -g -O2  conftest.c >&5
configure:10485: $? = 0
configure:10485: result: yes
configure:10485: checking for sys/types.h
configure:10485: gcc -c -g -O2  conftest.c >&5
configure:10485: $? = 0
configure:10485: result: yes
configure:10485: checking for unistd.h
configure:10485: gcc -c -g -O2  conftest.c >&5
configure:10485: $? = 0
configure:10485: result: yes
configure:10510: checking for dlfcn.h
configure:10510: gcc -c -g -O2  conftest.c >&5
configure:10510: $? = 0
configure:10510: result: yes
configure:11107: checking for objdir
configure:11123: result: .libs
configure:11387: checking if gcc supports -fno-rtti -fno-exceptions
configure:11406: gcc -c -g -O2  -fno-rtti -fno-exceptions conftest.c >&5
cc1: warning: command-line option '-fno-rtti' is valid for C++/D/ObjC++ but not for C
configure:11410: $? = 0
configure:11423: result: no
configure:11787: checking for gcc option to produce PIC
configure:11795: result: -fPIC -DPIC
configure:11803: checking if gcc PIC flag -fPIC -DPIC works
configure:11822: gcc -c -g -O2  -fPIC -DPIC -DPIC conftest.c >&5
configure:11826: $? = 0
configure:11839: result: yes
configure:11868: checking if gcc static flag -static works
configure:11897: result: yes
configure:11912: checking if gcc supports -c -o file.o
configure:11934: gcc -c -g -O2  -o out/conftest2.o conftest.c >&5
configure:11938: $? = 0
configure:11960: result: yes
configure:11968: checking if gcc supports -c -o file.o
configure:12016: result: yes
configure:12049: checking whether the gcc linker (/usr/bin/ld -m elf_x86_64) supports shared libraries
configure:13323: result: yes
configure:13360: checking whether -lc should be explicitly linked in
configure:13369: gcc -c -g -O2  conftest.c >&5
configure:13372: $? = 0
configure:13387: gcc -shared  -fPIC -DPIC conftest.o  -v -Wl,-soname -Wl,conftest -o conftest 2\>\&1 \| /usr/bin/grep  -lc  \>/dev/null 2\>\&1
configure:13390: $? = 0
configure:13404: result: no
configure:13564: checking dynamic linker characteristics
configure:14146: gcc -o conftest -g -O2   -Wl,-rpath -Wl,/foo conftest.c  >&5
configure:14146: $? = 0
configure:14397: result: GNU/Linux ld.so
configure:14519: checking how to hardcode library paths into programs
configure:14544: result: immediate
configure:15096: checking whether stripping libraries is possible
configure:15105: result: yes
configure:15147: checking if libtool supports shared libraries
configure:15149: result: yes
configure:15152: checking whether to build shared libraries
configure:15177: result: yes
configure:15180: checking whether to build static libraries
configure:15184: result: yes
configure:15207: checking how to run the C++ preprocessor
configure:15229: g++ -std=c++11 -E  conftest.cpp
configure:15229: $? = 0
configure:15244: g++ -std=c++11 -E  conftest.cpp
conftest.cpp:24:10: fatal error: ac_nonexistent.h: No such file or directory
   24 | #include <ac_nonexistent.h>
      |          ^~~~~~~~~~~~~~~~~~
compilation terminated.
configure:15244: $? = 1
configure: failed program was:
| /* confdefs.h */
| #define PACKAGE_NAME "RtAudio"
| #define PACKAGE_TARNAME "rtaudio"
| #define PACKAGE_VERSION "6.0.1"
| #define PACKAGE_STRING "RtAudio 6.0.1"
| #define PACKAGE_BUGREPORT "gary.scavone@mcgill.ca"
| #define PACKAGE_URL ""
| #define PACKAGE "rtaudio"
| #define VERSION "6.0.1"
| #define HAVE_CXX11 1
| #define HAVE_STDIO_H 1
| #define HAVE_STDLIB_H 1
| #define HAVE_STRING_H 1
| #define HAVE_INTTYPES_H 1
| #define HAVE_STDINT_H 1
| #define HAVE_STRINGS_H 1
| #define HAVE_SYS_STAT_H 1
| #define HAVE_SYS_TYPES_H 1
| #define HAVE_UNISTD_H 1
| #define STDC_HEADERS 1
| #define HAVE_DLFCN_H 1
| #define LT_OBJDIR ".libs/"
| /* end confdefs.h.  */
| #include <ac_nonexistent.h>
configure:15271: result: g++ -std=c++11 -E
configure:15285: g++ -std=c++11 -E  conftest.cpp
configure:15285: $? = 0
configure:15300: g++ -std=c++11 -E  conftest.cpp
conftest.cpp:24:10: fatal error: ac_nonexistent.h: No such file or directory
   24 | #include <ac_nonexistent.h>
      |          ^~~~~~~~~~~~~~~~~~
compilation terminated.
configure:15300: $? = 1
configure: failed program was:
| /* confdefs.h */
| #define PACKAGE_NAME "RtAudio"
| #define PACKAGE_TARNAME "rtaudio"
| #define PACKAGE_VERSION "6.0.1"
| #define PACKAGE_STRING "RtAudio 6.0.1"
| #define PACKAGE_BUGREPORT "gary.scavone@mcgill.ca"
| #define PACKAGE_URL ""
| #define PACKAGE "rtaudio"
| #define VERSION "6.0.1"
| #define HAVE_CXX11 1
| #define HAVE_STDIO_H 1
| #define HAVE_STDLIB_H 1
| #define HAVE_STRING_H 1
| #define HAVE_INTTYPES_H 1
| #define HAVE_STDINT_H 1
| #define HAVE_STRINGS_H 1
| #define HAVE_SYS_STAT_H 1
| #define HAVE_SYS_TYPES_H 1
| #define HAVE_UNISTD_H 1
| #define STDC_HEADERS 1
| #define HAVE_DLFCN_H 1
| #define LT_OBJDIR ".libs/"
| /* end confdefs.h.  */
| #include <ac_nonexistent.h>
configure:15465: checking for ld used by g++ -std=c++11
configure:15533: result: /usr/bin/ld -m elf_x86_64
configure:15540: checking if the linker (/usr/bin/ld -m elf_x86_64) is GNU ld
configure:15556: result: yes
configure:15611: checking whether the g++ -std=c++11 linker (/usr/bin/ld -m elf_x86_64) supports shared libraries
configure:16689: result: yes
configure:16725: g++ -std=c++11 -c -g -O2  conftest.cpp >&5
configure:16728: $? = 0
configure:17209: checking for g++ -std=c++11 option to produce PIC
configure:17217: result: -fPIC -DPIC
configure:17225: checking if g++ -std=c++11 PIC flag -fPIC -DPIC works
configure:17244: g++ -std=c++11 -c -g -O2  -fPIC -DPIC -DPIC conftest.cpp >&5
configure:17248: $? = 0
configure:17261: result: yes
configure:17284: checking if g++ -std=c++11 static flag -static works
configure:17313: result: yes
configure:17325: checking if g++ -std=c++11 supports -c -o file.o
configure:17347: g++ -std=c++11 -c -g -O2  -o out/conftest2.o conftest.cpp >&5
configure:17351: $? = 0
configure:17373: result: yes
configure:17378: checking if g++ -std=c++11 supports -c -o file.o
configure:17426: result: yes
configure:17456: checking whether the g++ -std=c++11 linker (/usr/bin/ld -m elf_x86_64) supports shared libraries
configure:17499: result: yes
configure:17641: checking dynamic linker characteristics
configure:18401: result: GNU/Linux ld.so
configure:18466: checking how to hardcode library paths into programs
configure:18491: result: immediate
configure:18555: checking for sys/ioctl.h
configure:18555: gcc -c -g -O2  conftest.c >&5
configure:18555: $? = 0
configure:18555: result: yes
configure:18561: checking for unistd.h
configure:18561: result: yes
configure:18590: checking whether to compile debug version
configure:18596: result: yes
configure:18636: checking for gettimeofday
configure:18636: gcc -o conftest -g -O2  -g -O0   conftest.c  >&5
configure:18636: $? = 0
configure:18636: result: yes
configure:18646: checking for doxygen
configure:18681: result: no
configure:18837: checking for snd_pcm_open in -lasound
configure:18860: gcc -o conftest -g -O2  -g -O0   conftest.c -lasound   >&5
configure:18860: $? = 0
configure:18870: result: yes
configure:18896: checking for pa_simple_flush in -lpulse-simple
configure:18919: gcc -o conftest -g -O2  -g -O0   conftest.c -lpulse-simple  -lasound  >&5
/usr/bin/ld: cannot find -lpulse-simple: No such file or directory
collect2: error: ld returned 1 exit status
configure:18919: $? = 1
configure: failed program was:
| /* confdefs.h */
| #define PACKAGE_NAME "RtAudio"
| #define PACKAGE_TARNAME "rtaudio"
| #define PACKAGE_VERSION "6.0.1"
| #define PACKAGE_STRING "RtAudio 6.0.1"
| #define PACKAGE_BUGREPORT "gary.scavone@mcgill.ca"
| #define PACKAGE_URL ""
| #define PACKAGE "rtaudio"
| #define VERSION "6.0.1"
| #define HAVE_CXX11 1
| #define HAVE_STDIO_H 1
| #define HAVE_STDLIB_H 1
| #define HAVE_STRING_H 1
| #define HAVE_INTTYPES_H 1
| #define HAVE_STDINT_H 1
| #define HAVE_STRINGS_H 1
| #define HAVE_SYS_STAT_H 1
| #define HAVE_SYS_TYPES_H 1
| #define HAVE_UNISTD_H 1
| #define STDC_HEADERS 1
| #define HAVE_DLFCN_H 1
| #define LT_OBJDIR ".libs/"
| #define HAVE_SYS_IOCTL_H 1
| #define HAVE_UNISTD_H 1
| #define __RTAUDIO_DEBUG__ 1
| /* end confdefs.h.  */
| 
| /* Override any GCC internal prototype to avoid an error.
|    Use char because int might match the return type of a GCC
|    builtin and then its argument prototype would still apply.  */
| char pa_simple_flush ();
| int
| main (void)
| {
| return pa_simple_flush ();
|   ;
|   return 0;
| }
configure:18929: result: no
configure:18992: checking for gcc options needed to detect all undeclared functions
configure:19014: gcc -c -g -O2  -g -O0   conftest.c >&5
conftest.c: In function 'main':
conftest.c:31:8: error: 'strchr' undeclared (first use in this function)
   31 | (void) strchr;
      |        ^~~~~~
conftest.c:1:1: note: 'strchr' is defined in header '<string.h>'; did you forget to '#include <string.h>'?
    1 | /* confdefs.h */
conftest.c:31:8: note: each undeclared identifier is reported only once for each function it appears in
   31 | (void) strchr;
      |        ^~~~~~
configure:19014: $? = 1
configure: failed program was:
| /* confdefs.h */
| #define PACKAGE_NAME "RtAudio"
| #define PACKAGE_TARNAME "rtaudio"
| #define PACKAGE_VERSION "6.0.1"
| #define PACKAGE_STRING "RtAudio 6.0.1"
| #define PACKAGE_BUGREPORT "gary.scavone@mcgill.ca"
| #define PACKAGE_URL ""
| #define PACKAGE "rtaudio"
| #define VERSION "6.0.1"
| #define HAVE_CXX11 1
| #define HAVE_STDIO_H 1
| #define HAVE_STDLIB_H 1
| #define HAVE_STRING_H 1
| #define HAVE_INTTYPES_H 1
| #define HAVE_STDINT_H 1
| #define HAVE_STRINGS_H 1
| #define HAVE_SYS_STAT_H 1
| #define HAVE_SYS_TYPES_H 1
| #define HAVE_UNISTD_H 1
| #define STDC_HEADERS 1
| #define HAVE_DLFCN_H 1
| #define LT_OBJDIR ".libs/"
| #define HAVE_SYS_IOCTL_H 1
| #define HAVE_UNISTD_H 1
| #define __RTAUDIO_DEBUG__ 1
| /* end confdefs.h.  */
| 
| int
| main (void)
| {
| (void) strchr;
|   ;
|   return 0;
| }
configure:19041: gcc -c -g -O2  -g -O0   conftest.c >&5
configure:19041: $? = 0
configure:19058: result: none needed
configure:19086: checking for main in -lossaudio
configure:19106: gcc -o conftest -g -O2  -g -O0   conftest.c -lossaudio  -lasound  >&5
/usr/bin/ld: cannot find -lossaudio: No such file or directory
collect2: error: ld returned 1 exit status
configure:19106: $? = 1
configure: failed program was:
| /* confdefs.h */
| #define PACKAGE_NAME "RtAudio"
| #define PACKAGE_TARNAME "rtaudio"
| #define PACKAGE_VERSION "6.0.1"
| #define PACKAGE_STRING "RtAudio 6.0.1"
| #define PACKAGE_BUGREPORT "gary.scavone@mcgill.ca"
| #define PACKAGE_URL ""
| #define PACKAGE "rtaudio"
| #define VERSION "6.0.1"
| #define HAVE_CXX11 1
| #define HAVE_STDIO_H 1
| #define HAVE_STDLIB_H 1
| #define HAVE_STRING_H 1
| #define HAVE_INTTYPES_H 1
| #define HAVE_STDINT_H 1
| #define HAVE_STRINGS_H 1
| #define HAVE_SYS_STAT_H 1
| #define HAVE_SYS_TYPES_H 1
| #define HAVE_UNISTD_H 1
| #define STDC_HEADERS 1
| #define HAVE_DLFCN_H 1
| #define LT_OBJDIR ".libs/"
| #define HAVE_SYS_IOCTL_H 1
| #define HAVE_UNISTD_H 1
| #define __RTAUDIO_DEBUG__ 1
| /* end confdefs.h.  */
| 
| 
| int
| main (void)
| {
| return main ();
|   ;
|   return 0;
| }
configure:19116: result: no
configure:19137: checking whether SNDCTL_SYSINFO is declared
configure:19137: gcc -c -g -O2  -g -O0   conftest.c >&5
conftest.c: In function 'main':
conftest.c:36:10: error: 'SNDCTL_SYSINFO' undeclared (first use in this function); did you mean 'SNDCTL_SYNTH_INFO'?
   36 |   (void) SNDCTL_SYSINFO;
      |          ^~~~~~~~~~~~~~
      |          SNDCTL_SYNTH_INFO
conftest.c:36:10: note: each undeclared identifier is reported only once for each function it appears in
configure:19137: $? = 1
configure: failed program was:
| /* confdefs.h */
| #define PACKAGE_NAME "RtAudio"
| #define PACKAGE_TARNAME "rtaudio"
| #define PACKAGE_VERSION "6.0.1"
| #define PACKAGE_STRING "RtAudio 6.0.1"
| #define PACKAGE_BUGREPORT "gary.scavone@mcgill.ca"
| #define PACKAGE_URL ""
| #define PACKAGE "rtaudio"
| #define VERSION "6.0.1"
| #define HAVE_CXX11 1
| #define HAVE_STDIO_H 1
| #define HAVE_STDLIB_H 1
| #define HAVE_STRING_H 1
| #define HAVE_INTTYPES_H 1
| #define HAVE_STDINT_H 1
| #define HAVE_STRINGS_H 1
| #define HAVE_SYS_STAT_H 1
| #define HAVE_SYS_TYPES_H 1
| #define HAVE_UNISTD_H 1
| #define STDC_HEADERS 1
| #define HAVE_DLFCN_H 1
| #define LT_OBJDIR ".libs/"
| #define HAVE_SYS_IOCTL_H 1
| #define HAVE_UNISTD_H 1
| #define __RTAUDIO_DEBUG__ 1
| /* end confdefs.h.  */
| #include <sys/soundcard.h>
| 
| int
| main (void)
| {
| #ifndef SNDCTL_SYSINFO
| #ifdef __cplusplus
|   (void) SNDCTL_SYSINFO;
| #else
|   (void) SNDCTL_SYSINFO;
| #endif
| #endif
| 
|   ;
|   return 0;
| }
configure:19137: result: no
configure:19161: checking for jack_client_open in -ljack
configure:19184: gcc -o conftest -g -O2  -g -O0   conftest.c -ljack  -lasound  >&5
/usr/bin/ld: cannot find -ljack: No such file or directory
collect2: error: ld returned 1 exit status
configure:19184: $? = 1
configure: failed program was:
| /* confdefs.h */
| #define PACKAGE_NAME "RtAudio"
| #define PACKAGE_TARNAME "rtaudio"
| #define PACKAGE_VERSION "6.0.1"
| #define PACKAGE_STRING "RtAudio 6.0.1"
| #define PACKAGE_BUGREPORT "gary.scavone@mcgill.ca"
| #define PACKAGE_URL ""
| #define PACKAGE "rtaudio"
| #define VERSION "6.0.1"
| #define HAVE_CXX11 1
| #define HAVE_STDIO_H 1
| #define HAVE_STDLIB_H 1
| #define HAVE_STRING_H 1
| #define HAVE_INTTYPES_H 1
| #define HAVE_STDINT_H 1
| #define HAVE_STRINGS_H 1
| #define HAVE_SYS_STAT_H 1
| #define HAVE_SYS_TYPES_H 1
| #define HAVE_UNISTD_H 1
| #define STDC_HEADERS 1
| #define HAVE_DLFCN_H 1
| #define LT_OBJDIR ".libs/"
| #define HAVE_SYS_IOCTL_H 1
| #define HAVE_UNISTD_H 1
| #define __RTAUDIO_DEBUG__ 1
| /* end confdefs.h.  */
| 
| /* Override any GCC internal prototype to avoid an error.
|    Use char because int might match the return type of a GCC
|    builtin and then its argument prototype would still apply.  */
| char jack_client_open ();
| int
| main (void)
| {
| return jack_client_open ();
|   ;
|   return 0;
| }
configure:19194: result: no
configure:19370: checking for pthread
configure:19372: checking for pthread_create in -lpthread
configure:19395: gcc -o conftest -g -O2  -g -O0   conftest.c -lpthread  -lasound  >&5
configure:19395: $? = 0
configure:19405: result: yes
configure:19419: checking for audio API
configure:19432: result:  ALSA
configure:19585: checking that generated files are newer than configure
configure:19591: result: done
configure:19634: creating ./config.status

## ---------------------- ##
## Running config.status. ##
## ---------------------- ##

This file was extended by RtAudio config.status 6.0.1, which was
generated by GNU Autoconf 2.71.  Invocation command line was

  CONFIG_FILES    = 
  CONFIG_HEADERS  = 
  CONFIG_LINKS    = 
  CONFIG_COMMANDS = 
  $ ./config.status 

on kilian-OMEN

config.status:1110: creating rtaudio.pc
config.status:1110: creating Makefile
config.status:1110: creating tests/Makefile
config.status:1110: creating doc/Makefile
config.status:1110: creating doc/Doxyfile
config.status:1313: executing depfiles commands
config.status:1390: cd .       && sed -e '/# am--include-marker/d' Makefile         | make -f - am--depfiles
config.status:1395: $? = 0
config.status:1390: cd tests       && sed -e '/# am--include-marker/d' Makefile         | make -f - am--depfiles
config.status:1395: $? = 0
config.status:1313: executing libtool commands

## ---------------- ##
## Cache variables. ##
## ---------------- ##

ac_cv_build=x86_64-pc-linux-gnu
ac_cv_c_compiler_gnu=yes
ac_cv_c_undeclared_builtin_options='none needed'
ac_cv_cxx_compiler_gnu=yes
ac_cv_env_CCC_set=
ac_cv_env_CCC_value=
ac_cv_env_CC_set=
ac_cv_env_CC_value=
ac_cv_env_CFLAGS_set=
ac_cv_env_CFLAGS_value=
ac_cv_env_CPPFLAGS_set=
ac_cv_env_CPPFLAGS_value=
ac_cv_env_CXXCPP_set=
ac_cv_env_CXXCPP_value=
ac_cv_env_CXXFLAGS_set=
ac_cv_env_CXXFLAGS_value=
ac_cv_env_CXX_set=
ac_cv_env_CXX_value=
ac_cv_env_LDFLAGS_set=
ac_cv_env_LDFLAGS_value=
ac_cv_env_LIBS_set=
ac_cv_env_LIBS_value=
ac_cv_env_LT_SYS_LIBRARY_PATH_set=
ac_cv_env_LT_SYS_LIBRARY_PATH_value=
ac_cv_env_build_alias_set=
ac_cv_env_build_alias_value=
ac_cv_env_host_alias_set=
ac_cv_env_host_alias_value=
ac_cv_env_target_alias_set=
ac_cv_env_target_alias_value=
ac_cv_func_gettimeofday=yes
ac_cv_have_decl_SNDCTL_SYSINFO=no
ac_cv_header_dlfcn_h=yes
ac_cv_header_inttypes_h=yes
ac_cv_header_stdint_h=yes
ac_cv_header_stdio_h=yes
ac_cv_header_stdlib_h=yes
ac_cv_header_string_h=yes
ac_cv_header_strings_h=yes
ac_cv_header_sys_ioctl_h=yes
ac_cv_header_sys_stat_h=yes
ac_cv_header_sys_types_h=yes
ac_cv_header_unistd_h=yes
ac_cv_host=x86_64-pc-linux-gnu
ac_cv_lib_asound_snd_pcm_open=yes
ac_cv_lib_jack_jack_client_open=no
ac_cv_lib_ossaudio_main=no
ac_cv_lib_pthread_pthread_create=yes
ac_cv_lib_pulse_simple_pa_simple_flush=no
ac_cv_objext=o
ac_cv_path_AR=/usr/bin/ar
ac_cv_path_EGREP='/usr/bin/grep -E'
ac_cv_path_FGREP='/usr/bin/grep -F'
ac_cv_path_GREP=/usr/bin/grep
ac_cv_path_SED=/usr/bin/sed
ac_cv_path_install='/usr/bin/install -c'
ac_cv_path_lt_DD=/usr/bin/dd
ac_cv_path_mkdir=/usr/bin/mkdir
ac_cv_prog_AWK=gawk
ac_cv_prog_CXXCPP='g++ -std=c++11 -E'
ac_cv_prog_ac_ct_AR=ar
ac_cv_prog_ac_ct_CC=gcc
ac_cv_prog_ac_ct_CXX=g++
ac_cv_prog_ac_ct_FILECMD=file
ac_cv_prog_ac_ct_MANIFEST_TOOL=mt
ac_cv_prog_ac_ct_OBJDUMP=objdump
ac_cv_prog_ac_ct_RANLIB=ranlib
ac_cv_prog_ac_ct_STRIP=strip
ac_cv_prog_cc_c11=
ac_cv_prog_cc_g=yes
ac_cv_prog_cc_stdc=
ac_cv_prog_cxx_cxx11=
ac_cv_prog_cxx_g=yes
ac_cv_prog_cxx_stdcxx=
ac_cv_prog_make_make_set=yes
am_cv_CC_dependencies_compiler_type=gcc3
am_cv_CXX_dependencies_compiler_type=gcc3
am_cv_ar_interface=ar
am_cv_make_support_nested_variables=yes
am_cv_prog_cc_c_o=yes
ax_cv_cxx_compile_cxx11__std_cpp11=yes
lt_cv_ar_at_file=@
lt_cv_archive_cmds_need_lc=no
lt_cv_deplibs_check_method=pass_all
lt_cv_file_magic_cmd='$MAGIC_CMD'
lt_cv_file_magic_test_file=
lt_cv_ld_reload_flag=-r
lt_cv_nm_interface='BSD nm'
lt_cv_objdir=.libs
lt_cv_path_LD=/usr/bin/ld
lt_cv_path_LDCXX='/usr/bin/ld -m elf_x86_64'
lt_cv_path_NM='/usr/bin/nm -B'
lt_cv_path_mainfest_tool=no
lt_cv_prog_compiler_c_o=yes
lt_cv_prog_compiler_c_o_CXX=yes
lt_cv_prog_compiler_pic='-fPIC -DPIC'
lt_cv_prog_compiler_pic_CXX='-fPIC -DPIC'
lt_cv_prog_compiler_pic_works=yes
lt_cv_prog_compiler_pic_works_CXX=yes
lt_cv_prog_compiler_rtti_exceptions=no
lt_cv_prog_compiler_static_works=yes
lt_cv_prog_compiler_static_works_CXX=yes
lt_cv_prog_gnu_ld=yes
lt_cv_prog_gnu_ldcxx=yes
lt_cv_sharedlib_from_linklib_cmd='printf %s\n'
lt_cv_shlibpath_overrides_runpath=yes
lt_cv_sys_global_symbol_pipe='/usr/bin/sed -n -e '\''s/^.*[	 ]\([ABCDGIRSTW][ABCDGIRSTW]*\)[	 ][	 ]*\([_A-Za-z][_A-Za-z0-9]*\)$/\1 \2 \2/p'\'' | /usr/bin/sed '\''/ __gnu_lto/d'\'''
lt_cv_sys_global_symbol_to_c_name_address='/usr/bin/sed -n -e '\''s/^: \(.*\) .*$/  {"\1", (void *) 0},/p'\'' -e '\''s/^[ABCDGIRSTW][ABCDGIRSTW]* .* \(.*\)$/  {"\1", (void *) \&\1},/p'\'''
lt_cv_sys_global_symbol_to_c_name_address_lib_prefix='/usr/bin/sed -n -e '\''s/^: \(.*\) .*$/  {"\1", (void *) 0},/p'\'' -e '\''s/^[ABCDGIRSTW][ABCDGIRSTW]* .* \(lib.*\)$/  {"\1", (void *) \&\1},/p'\'' -e '\''s/^[ABCDGIRSTW][ABCDGIRSTW]* .* \(.*\)$/  {"lib\1", (void *) \&\1},/p'\'''
lt_cv_sys_global_symbol_to_cdecl='/usr/bin/sed -n -e '\''s/^T .* \(.*\)$/extern int \1();/p'\'' -e '\''s/^[ABCDGIRSTW][ABCDGIRSTW]* .* \(.*\)$/extern char \1;/p'\'''
lt_cv_sys_global_symbol_to_import=
lt_cv_sys_max_cmd_len=1572864
lt_cv_to_host_file_cmd=func_convert_file_noop
lt_cv_to_tool_file_cmd=func_convert_file_noop
lt_cv_truncate_bin='/usr/bin/dd bs=4096 count=1'

## ----------------- ##
## Output variables. ##
## ----------------- ##

ACLOCAL='${SHELL} '\''/home/lekix/Desktop/DEV/synthesizer/src/PC/rtaudio/config/missing'\'' aclocal-1.16'
AMDEPBACKSLASH='\'
AMDEP_FALSE='#'
AMDEP_TRUE=''
AMTAR='$${TAR-tar}'
AM_BACKSLASH='\'
AM_DEFAULT_V='$(AM_DEFAULT_VERBOSITY)'
AM_DEFAULT_VERBOSITY='1'
AM_V='$(V)'
AR='/usr/bin/ar'
AS='as'
ASIO_FALSE=''
ASIO_TRUE='#'
AUTOCONF='${SHELL} '\''/home/lekix/Desktop/DEV/synthesizer/src/PC/rtaudio/config/missing'\'' autoconf'
AUTOHEADER='${SHELL} '\''/home/lekix/Desktop/DEV/synthesizer/src/PC/rtaudio/config/missing'\'' autoheader'
AUTOMAKE='${SHELL} '\''/home/lekix/Desktop/DEV/synthesizer/src/PC/rtaudio/config/missing'\'' automake-1.16'
AWK='gawk'
CC='gcc'
CCDEPMODE='depmode=gcc3'
CFLAGS='-g -O2  -g -O0'
CPPFLAGS='  -D__LINUX_ALSA__'
CSCOPE='cscope'
CTAGS='ctags'
CXX='g++ -std=c++11'
CXXCPP='g++ -std=c++11 -E'
CXXDEPMODE='depmode=gcc3'
CXXFLAGS=' -g -O0 -Werror -Wall -Wextra -g -O2'
CYGPATH_W='echo'
DEFS='-DPACKAGE_NAME=\"RtAudio\" -DPACKAGE_TARNAME=\"rtaudio\" -DPACKAGE_VERSION=\"6.0.1\" -DPACKAGE_STRING=\"RtAudio\ 6.0.1\" -DPACKAGE_BUGREPORT=\"gary.scavone@mcgill.ca\" -DPACKAGE_URL=\"\" -DPACKAGE=\"rtaudio\" -DVERSION=\"6.0.1\" -DHAVE_CXX11=1 -DHAVE_STDIO_H=1 -DHAVE_STDLIB_H=1 -DHAVE_STRING_H=1 -DHAVE_INTTYPES_H=1 -DHAVE_STDINT_H=1 -DHAVE_STRINGS_H=1 -DHAVE_SYS_STAT_H=1 -DHAVE_SYS_TYPES_H=1 -DHAVE_UNISTD_H=1 -DSTDC_HEADERS=1 -DHAVE_DLFCN_H=1 -DLT_OBJDIR=\".libs/\" -DHAVE_SYS_IOCTL_H=1 -DHAVE_UNISTD_H=1 -D__RTAUDIO_DEBUG__=1 -DHAVE_LIBPTHREAD=1'
DEPDIR='.deps'
DLLTOOL='false'
DOXYGEN=''
DSYMUTIL=''
DUMPBIN=''
ECHO_C=''
ECHO_N='-n'
ECHO_T=''
EGREP='/usr/bin/grep -E'
ETAGS='etags'
EXEEXT=''
FGREP='/usr/bin/grep -F'
FILECMD='file'
GREP='/usr/bin/grep'
HAVE_CXX11='1'
INSTALL_DATA='${INSTALL} -m 644'
INSTALL_PROGRAM='${INSTALL}'
INSTALL_SCRIPT='${INSTALL}'
INSTALL_STRIP_PROGRAM='$(install_sh) -c -s'
LD='/usr/bin/ld -m elf_x86_64'
LDFLAGS=''
LIBOBJS=''
LIBS='-lpthread -lasound '
LIBTOOL='$(SHELL) $(top_builddir)/libtool'
LIPO=''
LN_S='ln -s'
LTLIBOBJS=''
LT_SYS_LIBRARY_PATH=''
MAINT=''
MAINTAINER_MODE_FALSE='#'
MAINTAINER_MODE_TRUE=''
MAKEINFO='${SHELL} '\''/home/lekix/Desktop/DEV/synthesizer/src/PC/rtaudio/config/missing'\'' makeinfo'
MAKE_DOC_FALSE=''
MAKE_DOC_TRUE='#'
MANIFEST_TOOL=':'
MKDIR_P='/usr/bin/mkdir -p'
NM='/usr/bin/nm -B'
NMEDIT=''
OBJDUMP='objdump'
OBJEXT='o'
OTOOL64=''
OTOOL=''
PACKAGE='rtaudio'
PACKAGE_BUGREPORT='gary.scavone@mcgill.ca'
PACKAGE_NAME='RtAudio'
PACKAGE_STRING='RtAudio 6.0.1'
PACKAGE_TARNAME='rtaudio'
PACKAGE_URL=''
PACKAGE_VERSION='6.0.1'
PATH_SEPARATOR=':'
RANLIB='ranlib'
SED='/usr/bin/sed'
SET_MAKE=''
SHELL='/bin/bash'
SO_VERSION='8:0:0'
STRIP='strip'
VERSION='6.0.1'
ac_ct_AR='ar'
ac_ct_CC='gcc'
ac_ct_CXX='g++'
ac_ct_DUMPBIN=''
am__EXEEXT_FALSE=''
am__EXEEXT_TRUE='#'
am__fastdepCC_FALSE='#'
am__fastdepCC_TRUE=''
am__fastdepCXX_FALSE='#'
am__fastdepCXX_TRUE=''
am__include='include'
am__isrc=''
am__leading_dot='.'
am__nodep='_no'
am__quote=''
am__tar='$${TAR-tar} chof - "$$tardir"'
am__untar='$${TAR-tar} xf -'
api=' -D__LINUX_ALSA__'
bindir='${exec_prefix}/bin'
build='x86_64-pc-linux-gnu'
build_alias=''
build_cpu='x86_64'
build_os='linux-gnu'
build_vendor='pc'
datadir='${datarootdir}'
datarootdir='${prefix}/share'
docdir='${datarootdir}/doc/${PACKAGE_TARNAME}'
dvidir='${docdir}'
exec_prefix='${prefix}'
host='x86_64-pc-linux-gnu'
host_alias=''
host_cpu='x86_64'
host_os='linux-gnu'
host_vendor='pc'
htmldir='${docdir}'
includedir='${prefix}/include'
infodir='${datarootdir}/info'
install_sh='${SHELL} /home/lekix/Desktop/DEV/synthesizer/src/PC/rtaudio/config/install-sh'
libdir='${exec_prefix}/lib'
libexecdir='${exec_prefix}/libexec'
localedir='${datarootdir}/locale'
localstatedir='${prefix}/var'
mandir='${datarootdir}/man'
mkdir_p='$(MKDIR_P)'
oldincludedir='/usr/include'
pdfdir='${docdir}'
prefix='/usr/local'
program_transform_name='s,x,x,'
psdir='${docdir}'
req=' alsa'
req_libs=''
runstatedir='${localstatedir}/run'
sbindir='${exec_prefix}/sbin'
sharedstatedir='${prefix}/com'
sysconfdir='${prefix}/etc'
target_alias=''
visibility=''

## ----------- ##
## confdefs.h. ##
## ----------- ##

/* confdefs.h */
#define PACKAGE_NAME "RtAudio"
#define PACKAGE_TARNAME "rtaudio"
#define PACKAGE_VERSION "6.0.1"
#define PACKAGE_STRING "RtAudio 6.0.1"
#define PACKAGE_BUGREPORT "gary.scavone@mcgill.ca"
#define PACKAGE_URL ""
#define PACKAGE "rtaudio"
#define VERSION "6.0.1"
#define HAVE_CXX11 1
#define HAVE_STDIO_H 1
#define HAVE_STDLIB_H 1
#define HAVE_STRING_H 1
#define HAVE_INTTYPES_H 1
#define HAVE_STDINT_H 1
#define HAVE_STRINGS_H 1
#define HAVE_SYS_STAT_H 1
#define HAVE_SYS_TYPES_H 1
#define HAVE_UNISTD_H 1
#define STDC_HEADERS 1
#define HAVE_DLFCN_H 1
#define LT_OBJDIR ".libs/"
#define HAVE_SYS_IOCTL_H 1
#define HAVE_UNISTD_H 1
#define __RTAUDIO_DEBUG__ 1
#define HAVE_LIBPTHREAD 1

configure: exit 0
